#
# There is insufficient memory for the Java Runtime Environment to continue.
# Native memory allocation (malloc) failed to allocate 2097152 bytes. Error detail: AllocateHeap
# Possible reasons:
#   The system is out of physical RAM or swap space
#   This process is running with CompressedOops enabled, and the Java Heap may be blocking the growth of the native heap
# Possible solutions:
#   Reduce memory load on the system
#   Increase physical memory or swap space
#   Check if swap backing store is full
#   Decrease Java heap size (-Xmx/-Xms)
#   Decrease number of Java threads
#   Decrease Java thread stack sizes (-Xss)
#   Set larger code cache with -XX:ReservedCodeCacheSize=
#   JVM is running with Unscaled Compressed Oops mode in which the Java heap is
#     placed in the first 4GB address space. The Java Heap base address is the
#     maximum limit for the native heap growth. Please use -XX:HeapBaseMinAddress
#     to set the Java Heap base and to place the Java Heap above 4GB virtual address.
# This output file may be truncated or incomplete.
#
#  Out of Memory Error (allocation.cpp:44), pid=1736, tid=21668
#
# JRE version: OpenJDK Runtime Environment Temurin-17.0.11+9 (17.0.11+9) (build 17.0.11+9)
# Java VM: OpenJDK 64-Bit Server VM Temurin-17.0.11+9 (17.0.11+9, mixed mode, emulated-client, tiered, compressed oops, compressed class ptrs, g1 gc, windows-amd64)
# No core dump will be written. Minidumps are not enabled by default on client versions of Windows
#

---------------  S U M M A R Y ------------

Command Line: -Xmx1024m -Dsts.lsp.client=vscode -Dsts.log.file=/dev/null -XX:TieredStopAtLevel=1 -Xlog:jni+resolve=off -Dspring.config.location=file:c:\Users\donra\.vscode\extensions\vmware.vscode-spring-boot-1.54.0\language-server\BOOT-INF\classes\application.properties org.springframework.ide.vscode.boot.app.BootLanguageServerBootApp

Host: AMD Ryzen 5 4600H with Radeon Graphics         , 12 cores, 7G,  Windows 11 , 64 bit Build 22621 (10.0.22621.3527)
Time: Mon Jun 10 20:49:25 2024 Hora est. Pacífico, Sudamérica elapsed time: 99378.336874 seconds (1d 3h 36m 18s)

---------------  T H R E A D  ---------------

Current thread (0x000001c211cc4100):  VMThread "VM Thread" [stack: 0x0000005bae200000,0x0000005bae300000] [id=21668]

Stack: [0x0000005bae200000,0x0000005bae300000]
Native frames: (J=compiled Java code, j=interpreted, Vv=VM code, C=native code)
V  [jvm.dll+0x67d429]
V  [jvm.dll+0x834b7a]
V  [jvm.dll+0x83663e]
V  [jvm.dll+0x836ca3]
V  [jvm.dll+0x247dbf]
V  [jvm.dll+0xa6cb3]
V  [jvm.dll+0x2f8b61]
V  [jvm.dll+0x2f4750]
V  [jvm.dll+0x2dcf67]
V  [jvm.dll+0x31fb67]
V  [jvm.dll+0x83b19b]
V  [jvm.dll+0x83bed2]
V  [jvm.dll+0x83c3ed]
V  [jvm.dll+0x83c7c4]
V  [jvm.dll+0x83c890]
V  [jvm.dll+0x7e410a]
V  [jvm.dll+0x67c315]
C  [ucrtbase.dll+0x29333]
C  [KERNEL32.DLL+0x1257d]
C  [ntdll.dll+0x5aa48]

VM_Operation (0x0000005bafefecd0): G1CollectFull, mode: safepoint, requested by thread 0x000001c2177fd3d0


---------------  P R O C E S S  ---------------

Threads class SMR info:
_java_thread_list=0x000001c21f9c92a0, length=32, elements={
0x000001c211cda380, 0x000001c211cdb110, 0x000001c211d03a50, 0x000001c211d04520,
0x000001c211d07300, 0x000001c211d07bd0, 0x000001c211d084a0, 0x000001c21602c440,
0x000001c216217b70, 0x000001c2162184a0, 0x000001c2177e58d0, 0x000001c2177fd3d0,
0x000001c21781afe0, 0x000001c206a69f80, 0x000001c2178285a0, 0x000001c21785c8e0,
0x000001c217879520, 0x000001c2178776c0, 0x000001c2178785f0, 0x000001c217879010,
0x000001c217878b00, 0x000001c217969300, 0x000001c21796b670, 0x000001c21796cab0,
0x000001c217969810, 0x000001c21796ee20, 0x000001c217969d20, 0x000001c21796f330,
0x000001c21796f840, 0x000001c21796a230, 0x000001c21796c090, 0x000001c21796d9e0
}

Java Threads: ( => current thread )
  0x000001c211cda380 JavaThread "Reference Handler" daemon [_thread_blocked, id=25712, stack(0x0000005bae300000,0x0000005bae400000)]
  0x000001c211cdb110 JavaThread "Finalizer" daemon [_thread_blocked, id=30144, stack(0x0000005bae400000,0x0000005bae500000)]
  0x000001c211d03a50 JavaThread "Signal Dispatcher" daemon [_thread_blocked, id=16064, stack(0x0000005bae500000,0x0000005bae600000)]
  0x000001c211d04520 JavaThread "Attach Listener" daemon [_thread_blocked, id=21160, stack(0x0000005bae600000,0x0000005bae700000)]
  0x000001c211d07300 JavaThread "Service Thread" daemon [_thread_blocked, id=20604, stack(0x0000005bae700000,0x0000005bae800000)]
  0x000001c211d07bd0 JavaThread "Monitor Deflation Thread" daemon [_thread_blocked, id=27484, stack(0x0000005bae800000,0x0000005bae900000)]
  0x000001c211d084a0 JavaThread "C1 CompilerThread0" daemon [_thread_blocked, id=15032, stack(0x0000005bae900000,0x0000005baea00000)]
  0x000001c21602c440 JavaThread "Sweeper thread" daemon [_thread_blocked, id=1432, stack(0x0000005baea00000,0x0000005baeb00000)]
  0x000001c216217b70 JavaThread "Notification Thread" daemon [_thread_blocked, id=18048, stack(0x0000005baec00000,0x0000005baed00000)]
  0x000001c2162184a0 JavaThread "Common-Cleaner" daemon [_thread_blocked, id=20280, stack(0x0000005baee00000,0x0000005baef00000)]
  0x000001c2177e58d0 JavaThread "boundedElastic-evictor-1" daemon [_thread_blocked, id=6536, stack(0x0000005baf700000,0x0000005baf800000)]
  0x000001c2177fd3d0 JavaThread "pool-13-thread-1" [_thread_blocked, id=24772, stack(0x0000005bafe00000,0x0000005baff00000)]
  0x000001c21781afe0 JavaThread "LanguageServerApp-lifecycle" [_thread_blocked, id=24396, stack(0x0000005baff00000,0x0000005bb0000000)]
  0x000001c206a69f80 JavaThread "DestroyJavaVM" [_thread_blocked, id=27812, stack(0x0000005badc00000,0x0000005badd00000)]
  0x000001c2178285a0 JavaThread "pool-14-thread-1" [_thread_in_native, id=15960, stack(0x0000005bb0000000,0x0000005bb0100000)]
  0x000001c21785c8e0 JavaThread "Simple-Language-Server main thread" daemon [_thread_blocked, id=3784, stack(0x0000005bb0100000,0x0000005bb0200000)]
  0x000001c217879520 JavaThread "pool-8-thread-1" [_thread_blocked, id=29156, stack(0x0000005bb0400000,0x0000005bb0500000)]
  0x000001c2178776c0 JavaThread "parallel-1" daemon [_thread_blocked, id=27252, stack(0x0000005bb0500000,0x0000005bb0600000)]
  0x000001c2178785f0 JavaThread "pool-6-thread-1" [_thread_blocked, id=28864, stack(0x0000005bb0600000,0x0000005bb0700000)]
  0x000001c217879010 JavaThread "parallel-2" daemon [_thread_blocked, id=30112, stack(0x0000005bb0700000,0x0000005bb0800000)]
  0x000001c217878b00 JavaThread "parallel-3" daemon [_thread_blocked, id=19760, stack(0x0000005bb0800000,0x0000005bb0900000)]
  0x000001c217969300 JavaThread "parallel-4" daemon [_thread_blocked, id=2680, stack(0x0000005bb0f00000,0x0000005bb1000000)]
  0x000001c21796b670 JavaThread "parallel-5" daemon [_thread_blocked, id=19740, stack(0x0000005bb1000000,0x0000005bb1100000)]
  0x000001c21796cab0 JavaThread "Reconciler-1" daemon [_thread_blocked, id=29808, stack(0x0000005bb1100000,0x0000005bb1200000)]
  0x000001c217969810 JavaThread "parallel-6" daemon [_thread_blocked, id=17128, stack(0x0000005baf600000,0x0000005baf700000)]
  0x000001c21796ee20 JavaThread "parallel-7" daemon [_thread_blocked, id=22568, stack(0x0000005bb1b00000,0x0000005bb1c00000)]
  0x000001c217969d20 JavaThread "parallel-8" daemon [_thread_blocked, id=11908, stack(0x0000005bb1200000,0x0000005bb1300000)]
  0x000001c21796f330 JavaThread "parallel-9" daemon [_thread_blocked, id=8696, stack(0x0000005bb1c00000,0x0000005bb1d00000)]
  0x000001c21796f840 JavaThread "parallel-10" daemon [_thread_blocked, id=14100, stack(0x0000005bb1d00000,0x0000005bb1e00000)]
  0x000001c21796a230 JavaThread "parallel-11" daemon [_thread_blocked, id=9608, stack(0x0000005bb1e00000,0x0000005bb1f00000)]
  0x000001c21796c090 JavaThread "parallel-12" daemon [_thread_blocked, id=16564, stack(0x0000005bb1f00000,0x0000005bb2000000)]
  0x000001c21796d9e0 JavaThread "CompletableFutureDelayScheduler" daemon [_thread_blocked, id=1716, stack(0x0000005badb00000,0x0000005badc00000)]

Other Threads:
=>0x000001c211cc4100 VMThread "VM Thread" [stack: 0x0000005bae200000,0x0000005bae300000] [id=21668]
  0x000001c216218050 WatcherThread [stack: 0x0000005baed00000,0x0000005baee00000] [id=22812]
  0x000001c206aa9ca0 GCTaskThread "GC Thread#0" [stack: 0x0000005badd00000,0x0000005bade00000] [id=16688]
  0x000001c216cebd00 GCTaskThread "GC Thread#1" [stack: 0x0000005baf000000,0x0000005baf100000] [id=24700]
  0x000001c2160b6d80 GCTaskThread "GC Thread#2" [stack: 0x0000005baf100000,0x0000005baf200000] [id=22708]
  0x000001c2160b7040 GCTaskThread "GC Thread#3" [stack: 0x0000005baf200000,0x0000005baf300000] [id=16016]
  0x000001c216da0c50 GCTaskThread "GC Thread#4" [stack: 0x0000005baf300000,0x0000005baf400000] [id=26564]
  0x000001c216ef1040 GCTaskThread "GC Thread#5" [stack: 0x0000005baf400000,0x0000005baf500000] [id=11120]
  0x000001c217239c90 GCTaskThread "GC Thread#6" [stack: 0x0000005baf800000,0x0000005baf900000] [id=12108]
  0x000001c2170d2ac0 GCTaskThread "GC Thread#7" [stack: 0x0000005baf900000,0x0000005bafa00000] [id=28668]
  0x000001c2171f6e40 GCTaskThread "GC Thread#8" [stack: 0x0000005bafa00000,0x0000005bafb00000] [id=30324]
  0x000001c2171f7100 GCTaskThread "GC Thread#9" [stack: 0x0000005bafb00000,0x0000005bafc00000] [id=1464]
  0x000001c206ab2b00 ConcurrentGCThread "G1 Main Marker" [stack: 0x0000005bade00000,0x0000005badf00000] [id=8684]
  0x000001c206ab3430 ConcurrentGCThread "G1 Conc#0" [stack: 0x0000005badf00000,0x0000005bae000000] [id=7424]
  0x000001c217080590 ConcurrentGCThread "G1 Conc#1" [stack: 0x0000005bafc00000,0x0000005bafd00000] [id=29128]
  0x000001c2170c57c0 ConcurrentGCThread "G1 Conc#2" [stack: 0x0000005bafd00000,0x0000005bafe00000] [id=15216]
  0x000001c211b32cc0 ConcurrentGCThread "G1 Refine#0" [stack: 0x0000005bae000000,0x0000005bae100000] [id=25232]
  0x000001c216023630 ConcurrentGCThread "G1 Refine#1" [stack: 0x0000005bb0d00000,0x0000005bb0e00000] [id=21480]
  0x000001c206b0e720 ConcurrentGCThread "G1 Service" [stack: 0x0000005bae100000,0x0000005bae200000] [id=20076]

Threads with active compile tasks:

VM state: at safepoint (normal execution)

VM Mutex/Monitor currently owned by a thread:  ([mutex/lock_event])
[0x000001c204933a10] Threads_lock - owner thread: 0x000001c211cc4100
[0x000001c20492ec00] Heap_lock - owner thread: 0x000001c2177fd3d0

Heap address: 0x00000000c0000000, size: 1024 MB, Compressed Oops mode: 32-bit

CDS archive(s) not mapped
Compressed class space mapped at: 0x0000000100000000-0x0000000140000000, reserved size: 1073741824
Narrow klass base: 0x0000000000000000, Narrow klass shift: 3, Narrow klass range: 0x140000000

GC Precious Log:
 CPUs: 12 total, 12 available
 Memory: 7597M
 Large Page Support: Disabled
 NUMA Support: Disabled
 Compressed Oops: Enabled (32-bit)
 Heap Region Size: 1M
 Heap Min Capacity: 8M
 Heap Initial Capacity: 120M
 Heap Max Capacity: 1G
 Pre-touch: Disabled
 Parallel Workers: 10
 Concurrent Workers: 3
 Concurrent Refinement Workers: 10
 Periodic GC: Disabled

Heap:
 garbage-first heap   total 122880K, used 43961K [0x00000000c0000000, 0x0000000100000000)
  region size 1024K, 1 young (1024K), 0 survivors (0K)
 Metaspace       used 62434K, committed 62976K, reserved 1114112K
  class space    used 7963K, committed 8192K, reserved 1048576K

Heap Regions: E=young(eden), S=young(survivor), O=old, HS=humongous(starts), HC=humongous(continues), CS=collection set, F=free, OA=open archive, CA=closed archive, TAMS=top-at-mark-start (previous, next)
|   0|0x00000000c0000000, 0x00000000c0100000, 0x00000000c0100000|100%|HS|  |TAMS 0x00000000c0100000, 0x00000000c0000000| Untracked 
|   1|0x00000000c0100000, 0x00000000c0200000, 0x00000000c0200000|100%|HC|  |TAMS 0x00000000c0200000, 0x00000000c0100000| Untracked 
|   2|0x00000000c0200000, 0x00000000c0300000, 0x00000000c0300000|100%|HC|  |TAMS 0x00000000c0300000, 0x00000000c0200000| Untracked 
|   3|0x00000000c0300000, 0x00000000c0400000, 0x00000000c0400000|100%|HC|  |TAMS 0x00000000c0400000, 0x00000000c0300000| Untracked 
|   4|0x00000000c0400000, 0x00000000c0500000, 0x00000000c0500000|100%|HS|  |TAMS 0x00000000c0500000, 0x00000000c0400000| Untracked 
|   5|0x00000000c0500000, 0x00000000c0600000, 0x00000000c0600000|100%|HC|  |TAMS 0x00000000c0600000, 0x00000000c0500000| Untracked 
|   6|0x00000000c0600000, 0x00000000c0700000, 0x00000000c0700000|100%| O|  |TAMS 0x00000000c0700000, 0x00000000c0600000| Untracked 
|   7|0x00000000c0700000, 0x00000000c0800000, 0x00000000c0800000|100%| O|  |TAMS 0x00000000c0800000, 0x00000000c0700000| Untracked 
|   8|0x00000000c0800000, 0x00000000c0900000, 0x00000000c0900000|100%| O|  |TAMS 0x00000000c0900000, 0x00000000c0800000| Untracked 
|   9|0x00000000c0900000, 0x00000000c0a00000, 0x00000000c0a00000|100%| O|  |TAMS 0x00000000c0a00000, 0x00000000c0900000| Untracked 
|  10|0x00000000c0a00000, 0x00000000c0b00000, 0x00000000c0b00000|100%| O|  |TAMS 0x00000000c0b00000, 0x00000000c0a00000| Untracked 
|  11|0x00000000c0b00000, 0x00000000c0bfffd8, 0x00000000c0c00000| 99%| O|  |TAMS 0x00000000c0bfffd8, 0x00000000c0b00000| Untracked 
|  12|0x00000000c0c00000, 0x00000000c0d00000, 0x00000000c0d00000|100%| O|  |TAMS 0x00000000c0d00000, 0x00000000c0c00000| Untracked 
|  13|0x00000000c0d00000, 0x00000000c0dfffe8, 0x00000000c0e00000| 99%| O|  |TAMS 0x00000000c0dfffe8, 0x00000000c0d00000| Untracked 
|  14|0x00000000c0e00000, 0x00000000c0f00000, 0x00000000c0f00000|100%| O|  |TAMS 0x00000000c0f00000, 0x00000000c0e00000| Untracked 
|  15|0x00000000c0f00000, 0x00000000c0ffffd0, 0x00000000c1000000| 99%| O|  |TAMS 0x00000000c0ffffd0, 0x00000000c0f00000| Untracked 
|  16|0x00000000c1000000, 0x00000000c10ffff0, 0x00000000c1100000| 99%| O|  |TAMS 0x00000000c10ffff0, 0x00000000c1000000| Untracked 
|  17|0x00000000c1100000, 0x00000000c11fffd8, 0x00000000c1200000| 99%| O|  |TAMS 0x00000000c11fffd8, 0x00000000c1100000| Untracked 
|  18|0x00000000c1200000, 0x00000000c12ffff8, 0x00000000c1300000| 99%| O|  |TAMS 0x00000000c12ffff8, 0x00000000c1200000| Untracked 
|  19|0x00000000c1300000, 0x00000000c13ffff0, 0x00000000c1400000| 99%| O|  |TAMS 0x00000000c13ffff0, 0x00000000c1300000| Untracked 
|  20|0x00000000c1400000, 0x00000000c14ffff8, 0x00000000c1500000| 99%| O|  |TAMS 0x00000000c14ffff8, 0x00000000c1400000| Untracked 
|  21|0x00000000c1500000, 0x00000000c1600000, 0x00000000c1600000|100%| O|  |TAMS 0x00000000c1600000, 0x00000000c1500000| Untracked 
|  22|0x00000000c1600000, 0x00000000c16ffd48, 0x00000000c1700000| 99%| O|  |TAMS 0x00000000c16ffd48, 0x00000000c1600000| Untracked 
|  23|0x00000000c1700000, 0x00000000c17ffff8, 0x00000000c1800000| 99%| O|  |TAMS 0x00000000c17ffff8, 0x00000000c1700000| Untracked 
|  24|0x00000000c1800000, 0x00000000c18fffe0, 0x00000000c1900000| 99%| O|  |TAMS 0x00000000c18fffe0, 0x00000000c1800000| Untracked 
|  25|0x00000000c1900000, 0x00000000c19fffe8, 0x00000000c1a00000| 99%| O|  |TAMS 0x00000000c19fffe8, 0x00000000c1900000| Untracked 
|  26|0x00000000c1a00000, 0x00000000c1affff8, 0x00000000c1b00000| 99%| O|  |TAMS 0x00000000c1affff8, 0x00000000c1a00000| Untracked 
|  27|0x00000000c1b00000, 0x00000000c1bffff0, 0x00000000c1c00000| 99%| O|  |TAMS 0x00000000c1bffff0, 0x00000000c1b00000| Untracked 
|  28|0x00000000c1c00000, 0x00000000c1d00000, 0x00000000c1d00000|100%| O|  |TAMS 0x00000000c1d00000, 0x00000000c1c00000| Untracked 
|  29|0x00000000c1d00000, 0x00000000c1e00000, 0x00000000c1e00000|100%| O|  |TAMS 0x00000000c1e00000, 0x00000000c1d00000| Untracked 
|  30|0x00000000c1e00000, 0x00000000c1f00000, 0x00000000c1f00000|100%| O|  |TAMS 0x00000000c1f00000, 0x00000000c1e00000| Untracked 
|  31|0x00000000c1f00000, 0x00000000c1fffde0, 0x00000000c2000000| 99%| O|  |TAMS 0x00000000c1fffde0, 0x00000000c1f00000| Untracked 
|  32|0x00000000c2000000, 0x00000000c20ffff0, 0x00000000c2100000| 99%| O|  |TAMS 0x00000000c20ffff0, 0x00000000c2000000| Untracked 
|  33|0x00000000c2100000, 0x00000000c21ffdd0, 0x00000000c2200000| 99%| O|  |TAMS 0x00000000c21ffdd0, 0x00000000c2100000| Untracked 
|  34|0x00000000c2200000, 0x00000000c22fffd8, 0x00000000c2300000| 99%| O|  |TAMS 0x00000000c22fffd8, 0x00000000c2200000| Untracked 
|  35|0x00000000c2300000, 0x00000000c23feff0, 0x00000000c2400000| 99%| O|  |TAMS 0x00000000c23feff0, 0x00000000c2300000| Untracked 
|  36|0x00000000c2400000, 0x00000000c24f5d48, 0x00000000c2500000| 96%| O|  |TAMS 0x00000000c24f5d48, 0x00000000c2400000| Untracked 
|  37|0x00000000c2500000, 0x00000000c25ff2f0, 0x00000000c2600000| 99%| O|  |TAMS 0x00000000c25ff2f0, 0x00000000c2500000| Untracked 
|  38|0x00000000c2600000, 0x00000000c26fca68, 0x00000000c2700000| 98%| O|  |TAMS 0x00000000c26fca68, 0x00000000c2600000| Untracked 
|  39|0x00000000c2700000, 0x00000000c2800000, 0x00000000c2800000|100%|HS|  |TAMS 0x00000000c2800000, 0x00000000c2700000| Untracked 
|  40|0x00000000c2800000, 0x00000000c28ff3d8, 0x00000000c2900000| 99%| O|  |TAMS 0x00000000c28ff3d8, 0x00000000c2800000| Untracked 
|  41|0x00000000c2900000, 0x00000000c29ffff8, 0x00000000c2a00000| 99%| O|  |TAMS 0x00000000c29ffff8, 0x00000000c2900000| Untracked 
|  42|0x00000000c2a00000, 0x00000000c2afee28, 0x00000000c2b00000| 99%| O|  |TAMS 0x00000000c2afee28, 0x00000000c2a00000| Untracked 
|  43|0x00000000c2b00000, 0x00000000c2b00068, 0x00000000c2c00000|  0%| O|  |TAMS 0x00000000c2b00000, 0x00000000c2b00000| Untracked 
|  44|0x00000000c2c00000, 0x00000000c2c00000, 0x00000000c2d00000|  0%| F|  |TAMS 0x00000000c2c00000, 0x00000000c2c00000| Untracked 
|  45|0x00000000c2d00000, 0x00000000c2d00000, 0x00000000c2e00000|  0%| F|  |TAMS 0x00000000c2d00000, 0x00000000c2d00000| Untracked 
|  46|0x00000000c2e00000, 0x00000000c2e00000, 0x00000000c2f00000|  0%| F|  |TAMS 0x00000000c2e00000, 0x00000000c2e00000| Untracked 
|  47|0x00000000c2f00000, 0x00000000c2f00000, 0x00000000c3000000|  0%| F|  |TAMS 0x00000000c2f00000, 0x00000000c2f00000| Untracked 
|  48|0x00000000c3000000, 0x00000000c3000000, 0x00000000c3100000|  0%| F|  |TAMS 0x00000000c3000000, 0x00000000c3000000| Untracked 
|  49|0x00000000c3100000, 0x00000000c3100000, 0x00000000c3200000|  0%| F|  |TAMS 0x00000000c3100000, 0x00000000c3100000| Untracked 
|  50|0x00000000c3200000, 0x00000000c3200000, 0x00000000c3300000|  0%| F|  |TAMS 0x00000000c3200000, 0x00000000c3200000| Untracked 
|  51|0x00000000c3300000, 0x00000000c3300000, 0x00000000c3400000|  0%| F|  |TAMS 0x00000000c3300000, 0x00000000c3300000| Untracked 
|  52|0x00000000c3400000, 0x00000000c3400000, 0x00000000c3500000|  0%| F|  |TAMS 0x00000000c3400000, 0x00000000c3400000| Untracked 
|  53|0x00000000c3500000, 0x00000000c3500000, 0x00000000c3600000|  0%| F|  |TAMS 0x00000000c3500000, 0x00000000c3500000| Untracked 
|  54|0x00000000c3600000, 0x00000000c3600000, 0x00000000c3700000|  0%| F|  |TAMS 0x00000000c3600000, 0x00000000c3600000| Untracked 
|  55|0x00000000c3700000, 0x00000000c3700000, 0x00000000c3800000|  0%| F|  |TAMS 0x00000000c3700000, 0x00000000c3700000| Untracked 
|  56|0x00000000c3800000, 0x00000000c3800000, 0x00000000c3900000|  0%| F|  |TAMS 0x00000000c3800000, 0x00000000c3800000| Untracked 
|  57|0x00000000c3900000, 0x00000000c3900000, 0x00000000c3a00000|  0%| F|  |TAMS 0x00000000c3900000, 0x00000000c3900000| Untracked 
|  58|0x00000000c3a00000, 0x00000000c3a00000, 0x00000000c3b00000|  0%| F|  |TAMS 0x00000000c3a00000, 0x00000000c3a00000| Untracked 
|  59|0x00000000c3b00000, 0x00000000c3b00000, 0x00000000c3c00000|  0%| F|  |TAMS 0x00000000c3b00000, 0x00000000c3b00000| Untracked 
|  60|0x00000000c3c00000, 0x00000000c3c00000, 0x00000000c3d00000|  0%| F|  |TAMS 0x00000000c3c00000, 0x00000000c3c00000| Untracked 
|  61|0x00000000c3d00000, 0x00000000c3d00000, 0x00000000c3e00000|  0%| F|  |TAMS 0x00000000c3d00000, 0x00000000c3d00000| Untracked 
|  62|0x00000000c3e00000, 0x00000000c3e00000, 0x00000000c3f00000|  0%| F|  |TAMS 0x00000000c3e00000, 0x00000000c3e00000| Untracked 
|  63|0x00000000c3f00000, 0x00000000c3f00000, 0x00000000c4000000|  0%| F|  |TAMS 0x00000000c3f00000, 0x00000000c3f00000| Untracked 
|  64|0x00000000c4000000, 0x00000000c4000000, 0x00000000c4100000|  0%| F|  |TAMS 0x00000000c4000000, 0x00000000c4000000| Untracked 
|  65|0x00000000c4100000, 0x00000000c4100000, 0x00000000c4200000|  0%| F|  |TAMS 0x00000000c4100000, 0x00000000c4100000| Untracked 
|  66|0x00000000c4200000, 0x00000000c4200000, 0x00000000c4300000|  0%| F|  |TAMS 0x00000000c4200000, 0x00000000c4200000| Untracked 
|  67|0x00000000c4300000, 0x00000000c4300000, 0x00000000c4400000|  0%| F|  |TAMS 0x00000000c4300000, 0x00000000c4300000| Untracked 
|  68|0x00000000c4400000, 0x00000000c4400000, 0x00000000c4500000|  0%| F|  |TAMS 0x00000000c4400000, 0x00000000c4400000| Untracked 
|  69|0x00000000c4500000, 0x00000000c4500000, 0x00000000c4600000|  0%| F|  |TAMS 0x00000000c4500000, 0x00000000c4500000| Untracked 
|  70|0x00000000c4600000, 0x00000000c4600000, 0x00000000c4700000|  0%| F|  |TAMS 0x00000000c4600000, 0x00000000c4600000| Untracked 
|  71|0x00000000c4700000, 0x00000000c4700000, 0x00000000c4800000|  0%| F|  |TAMS 0x00000000c4700000, 0x00000000c4700000| Untracked 
|  72|0x00000000c4800000, 0x00000000c4800000, 0x00000000c4900000|  0%| F|  |TAMS 0x00000000c4800000, 0x00000000c4800000| Untracked 
|  73|0x00000000c4900000, 0x00000000c4900000, 0x00000000c4a00000|  0%| F|  |TAMS 0x00000000c4900000, 0x00000000c4900000| Untracked 
|  74|0x00000000c4a00000, 0x00000000c4a00000, 0x00000000c4b00000|  0%| F|  |TAMS 0x00000000c4a00000, 0x00000000c4a00000| Untracked 
|  75|0x00000000c4b00000, 0x00000000c4b00000, 0x00000000c4c00000|  0%| F|  |TAMS 0x00000000c4b00000, 0x00000000c4b00000| Untracked 
|  76|0x00000000c4c00000, 0x00000000c4c00000, 0x00000000c4d00000|  0%| F|  |TAMS 0x00000000c4c00000, 0x00000000c4c00000| Untracked 
|  77|0x00000000c4d00000, 0x00000000c4d00000, 0x00000000c4e00000|  0%| F|  |TAMS 0x00000000c4d00000, 0x00000000c4d00000| Untracked 
|  78|0x00000000c4e00000, 0x00000000c4e00000, 0x00000000c4f00000|  0%| F|  |TAMS 0x00000000c4e00000, 0x00000000c4e00000| Untracked 
|  79|0x00000000c4f00000, 0x00000000c4f00000, 0x00000000c5000000|  0%| F|  |TAMS 0x00000000c4f00000, 0x00000000c4f00000| Untracked 
|  80|0x00000000c5000000, 0x00000000c5000000, 0x00000000c5100000|  0%| F|  |TAMS 0x00000000c5000000, 0x00000000c5000000| Untracked 
|  81|0x00000000c5100000, 0x00000000c5100000, 0x00000000c5200000|  0%| F|  |TAMS 0x00000000c5100000, 0x00000000c5100000| Untracked 
|  82|0x00000000c5200000, 0x00000000c5200000, 0x00000000c5300000|  0%| F|  |TAMS 0x00000000c5200000, 0x00000000c5200000| Untracked 
|  83|0x00000000c5300000, 0x00000000c5300000, 0x00000000c5400000|  0%| F|  |TAMS 0x00000000c5300000, 0x00000000c5300000| Untracked 
|  84|0x00000000c5400000, 0x00000000c5400000, 0x00000000c5500000|  0%| F|  |TAMS 0x00000000c5400000, 0x00000000c5400000| Untracked 
|  85|0x00000000c5500000, 0x00000000c5500000, 0x00000000c5600000|  0%| F|  |TAMS 0x00000000c5500000, 0x00000000c5500000| Untracked 
|  86|0x00000000c5600000, 0x00000000c5600000, 0x00000000c5700000|  0%| F|  |TAMS 0x00000000c5600000, 0x00000000c5600000| Untracked 
|  87|0x00000000c5700000, 0x00000000c5700000, 0x00000000c5800000|  0%| F|  |TAMS 0x00000000c5700000, 0x00000000c5700000| Untracked 
|  88|0x00000000c5800000, 0x00000000c5800000, 0x00000000c5900000|  0%| F|  |TAMS 0x00000000c5800000, 0x00000000c5800000| Untracked 
|  89|0x00000000c5900000, 0x00000000c5900000, 0x00000000c5a00000|  0%| F|  |TAMS 0x00000000c5900000, 0x00000000c5900000| Untracked 
|  90|0x00000000c5a00000, 0x00000000c5a00000, 0x00000000c5b00000|  0%| F|  |TAMS 0x00000000c5a00000, 0x00000000c5a00000| Untracked 
|  91|0x00000000c5b00000, 0x00000000c5b00000, 0x00000000c5c00000|  0%| F|  |TAMS 0x00000000c5b00000, 0x00000000c5b00000| Untracked 
|  92|0x00000000c5c00000, 0x00000000c5c00000, 0x00000000c5d00000|  0%| F|  |TAMS 0x00000000c5c00000, 0x00000000c5c00000| Untracked 
|  93|0x00000000c5d00000, 0x00000000c5d00000, 0x00000000c5e00000|  0%| F|  |TAMS 0x00000000c5d00000, 0x00000000c5d00000| Untracked 
|  94|0x00000000c5e00000, 0x00000000c5e00000, 0x00000000c5f00000|  0%| F|  |TAMS 0x00000000c5e00000, 0x00000000c5e00000| Untracked 
|  95|0x00000000c5f00000, 0x00000000c5f00000, 0x00000000c6000000|  0%| F|  |TAMS 0x00000000c5f00000, 0x00000000c5f00000| Untracked 
|  96|0x00000000c6000000, 0x00000000c6000000, 0x00000000c6100000|  0%| F|  |TAMS 0x00000000c6000000, 0x00000000c6000000| Untracked 
|  97|0x00000000c6100000, 0x00000000c6100000, 0x00000000c6200000|  0%| F|  |TAMS 0x00000000c6100000, 0x00000000c6100000| Untracked 
|  98|0x00000000c6200000, 0x00000000c6200000, 0x00000000c6300000|  0%| F|  |TAMS 0x00000000c6200000, 0x00000000c6200000| Untracked 
|  99|0x00000000c6300000, 0x00000000c6300000, 0x00000000c6400000|  0%| F|  |TAMS 0x00000000c6300000, 0x00000000c6300000| Untracked 
| 100|0x00000000c6400000, 0x00000000c6400000, 0x00000000c6500000|  0%| F|  |TAMS 0x00000000c6400000, 0x00000000c6400000| Untracked 
| 101|0x00000000c6500000, 0x00000000c6500000, 0x00000000c6600000|  0%| F|  |TAMS 0x00000000c6500000, 0x00000000c6500000| Untracked 
| 102|0x00000000c6600000, 0x00000000c6600000, 0x00000000c6700000|  0%| F|  |TAMS 0x00000000c6600000, 0x00000000c6600000| Untracked 
| 103|0x00000000c6700000, 0x00000000c6700000, 0x00000000c6800000|  0%| F|  |TAMS 0x00000000c6700000, 0x00000000c6700000| Untracked 
| 104|0x00000000c6800000, 0x00000000c6800000, 0x00000000c6900000|  0%| F|  |TAMS 0x00000000c6800000, 0x00000000c6800000| Untracked 
| 105|0x00000000c6900000, 0x00000000c6900000, 0x00000000c6a00000|  0%| F|  |TAMS 0x00000000c6900000, 0x00000000c6900000| Untracked 
| 106|0x00000000c6a00000, 0x00000000c6a00000, 0x00000000c6b00000|  0%| F|  |TAMS 0x00000000c6a00000, 0x00000000c6a00000| Untracked 
| 107|0x00000000c6b00000, 0x00000000c6b00000, 0x00000000c6c00000|  0%| F|  |TAMS 0x00000000c6b00000, 0x00000000c6b00000| Untracked 
| 108|0x00000000c6c00000, 0x00000000c6c00000, 0x00000000c6d00000|  0%| F|  |TAMS 0x00000000c6c00000, 0x00000000c6c00000| Untracked 
| 109|0x00000000c6d00000, 0x00000000c6d00000, 0x00000000c6e00000|  0%| F|  |TAMS 0x00000000c6d00000, 0x00000000c6d00000| Untracked 
| 110|0x00000000c6e00000, 0x00000000c6e00000, 0x00000000c6f00000|  0%| F|  |TAMS 0x00000000c6e00000, 0x00000000c6e00000| Untracked 
| 111|0x00000000c6f00000, 0x00000000c6f00000, 0x00000000c7000000|  0%| F|  |TAMS 0x00000000c6f00000, 0x00000000c6f00000| Untracked 
| 112|0x00000000c7000000, 0x00000000c7000000, 0x00000000c7100000|  0%| F|  |TAMS 0x00000000c7000000, 0x00000000c7000000| Untracked 
| 113|0x00000000c7100000, 0x00000000c7100000, 0x00000000c7200000|  0%| F|  |TAMS 0x00000000c7100000, 0x00000000c7100000| Untracked 
| 114|0x00000000c7200000, 0x00000000c7200000, 0x00000000c7300000|  0%| F|  |TAMS 0x00000000c7200000, 0x00000000c7200000| Untracked 
| 115|0x00000000c7300000, 0x00000000c7300000, 0x00000000c7400000|  0%| F|  |TAMS 0x00000000c7300000, 0x00000000c7300000| Untracked 
| 116|0x00000000c7400000, 0x00000000c7400000, 0x00000000c7500000|  0%| F|  |TAMS 0x00000000c7400000, 0x00000000c7400000| Untracked 
| 117|0x00000000c7500000, 0x00000000c7500000, 0x00000000c7600000|  0%| F|  |TAMS 0x00000000c7500000, 0x00000000c7500000| Untracked 
| 118|0x00000000c7600000, 0x00000000c7600000, 0x00000000c7700000|  0%| F|  |TAMS 0x00000000c7600000, 0x00000000c7600000| Untracked 
| 119|0x00000000c7700000, 0x00000000c77058a8, 0x00000000c7800000|  2%| E|  |TAMS 0x00000000c7700000, 0x00000000c7700000| Complete 

Card table byte_map: [0x000001c20cc20000,0x000001c20ce20000] _byte_map_base: 0x000001c20c620000

Marking Bits (Prev, Next): (CMBitMap*) 0x000001c206aaa210, (CMBitMap*) 0x000001c206aaa1d0
 Prev Bits: [0x000001c20e020000, 0x000001c20f020000)
 Next Bits: [0x000001c20d020000, 0x000001c20e020000)

Polling page: 0x000001c206210000

Metaspace:

Usage:
  Non-class:     53.19 MB used.
      Class:      7.78 MB used.
       Both:     60.97 MB used.

Virtual space:
  Non-class space:       64.00 MB reserved,      53.50 MB ( 84%) committed,  1 nodes.
      Class space:        1.00 GB reserved,       8.00 MB ( <1%) committed,  1 nodes.
             Both:        1.06 GB reserved,      61.50 MB (  6%) committed. 

Chunk freelists:
   Non-Class:  10.13 MB
       Class:  8.01 MB
        Both:  18.15 MB

MaxMetaspaceSize: unlimited
CompressedClassSpaceSize: 1.00 GB
Initial GC threshold: 21.00 MB
Current GC threshold: 102.50 MB
CDS: off
MetaspaceReclaimPolicy: balanced
 - commit_granule_bytes: 65536.
 - commit_granule_words: 8192.
 - virtual_space_node_default_size: 8388608.
 - enlarge_chunks_in_place: 1.
 - new_chunks_are_fully_committed: 0.
 - uncommit_free_chunks: 1.
 - use_allocation_guard: 0.
 - handle_deallocations: 1.


Internal statistics:

num_allocs_failed_limit: 8.
num_arena_births: 1034.
num_arena_deaths: 488.
num_vsnodes_births: 2.
num_vsnodes_deaths: 0.
num_space_committed: 984.
num_space_uncommitted: 0.
num_chunks_returned_to_freelist: 617.
num_chunks_taken_from_freelist: 3233.
num_chunk_merges: 140.
num_chunk_splits: 1988.
num_chunks_enlarged: 1447.
num_inconsistent_stats: 0.

CodeCache: size=49152Kb used=23636Kb max_used=24763Kb free=25515Kb
 bounds [0x000001c2096f0000, 0x000001c20af40000, 0x000001c20c6f0000]
 total_blobs=12594 nmethods=11913 adapters=606
 compilation: enabled
              stopped_count=0, restarted_count=0
 full_count=0

Compilation events (20 events):
Event: 94574.462 Thread 0x000001c21fe6c880 nmethod 12101 0x000001c20ad9e590 code [0x000001c20ad9e720, 0x000001c20ad9e838]
Event: 94574.463 Thread 0x000001c211d084a0 nmethod 12095 0x000001c20ad9e210 code [0x000001c20ad9e3a0, 0x000001c20ad9e4b8]
Event: 94574.593 Thread 0x000001c21fe6c880 12107       1       java.util.concurrent.ScheduledThreadPoolExecutor$ScheduledFutureTask::compareTo (9 bytes)
Event: 94574.593 Thread 0x000001c211d084a0 12108       1       java.util.concurrent.ScheduledThreadPoolExecutor$ScheduledFutureTask::compareTo (101 bytes)
Event: 94574.595 Thread 0x000001c21fe6c880 nmethod 12107 0x000001c20ad9de90 code [0x000001c20ad9e020, 0x000001c20ad9e148]
Event: 94574.595 Thread 0x000001c211d084a0 nmethod 12108 0x000001c20ad9d710 code [0x000001c20ad9d900, 0x000001c20ad9dd38]
Event: 94574.605 Thread 0x000001c211d084a0 12109       1       org.eclipse.jdt.core.dom.CompilationUnit::setTypeRoot (6 bytes)
Event: 94574.605 Thread 0x000001c211d084a0 nmethod 12109 0x000001c20ad9d410 code [0x000001c20ad9d5a0, 0x000001c20ad9d6b8]
Event: 94574.607 Thread 0x000001c211d084a0 12110       1       org.springframework.ide.vscode.boot.java.utils.SpringIndexerJavaContext::getProject (5 bytes)
Event: 94574.607 Thread 0x000001c21fe6c880 12111       1       org.springframework.ide.vscode.boot.java.utils.SpringIndexerJavaContext::isFullAst (5 bytes)
Event: 94574.607 Thread 0x000001c21fe6c880 nmethod 12111 0x000001c20ad9d110 code [0x000001c20ad9d2a0, 0x000001c20ad9d378]
Event: 94574.608 Thread 0x000001c211d084a0 nmethod 12110 0x000001c20ad9ce10 code [0x000001c20ad9cfa0, 0x000001c20ad9d078]
Event: 94574.650 Thread 0x000001c211d084a0 12112       1       org.springframework.ide.vscode.boot.java.beans.CachedBean::getBean (5 bytes)
Event: 94574.651 Thread 0x000001c211d084a0 nmethod 12112 0x000001c20ad9cb10 code [0x000001c20ad9cca0, 0x000001c20ad9cd78]
Event: 94574.718 Thread 0x000001c21fe6c880 12113       1       org.eclipse.jdt.internal.compiler.lookup.RawTypeBinding::readableName (58 bytes)
Event: 94574.718 Thread 0x000001c220621780 12114       1       org.eclipse.jdt.internal.compiler.lookup.RawTypeBinding::shortReadableName (53 bytes)
Event: 94574.722 Thread 0x000001c220621780 nmethod 12114 0x000001c20ad9c690 code [0x000001c20ad9c840, 0x000001c20ad9ca28]
Event: 94574.722 Thread 0x000001c21fe6c880 nmethod 12113 0x000001c20ad9c190 code [0x000001c20ad9c360, 0x000001c20ad9c558]
Event: 94574.731 Thread 0x000001c211d084a0 12115       1       org.springframework.ide.vscode.commons.languageserver.reconcile.ProblemCategory::getId (5 bytes)
Event: 94574.731 Thread 0x000001c211d084a0 nmethod 12115 0x000001c20ad9be90 code [0x000001c20ad9c020, 0x000001c20ad9c0f8]

GC Heap History (20 events):
Event: 99272.794 GC heap before
{Heap before GC invocations=4324 (full 4096):
 garbage-first heap   total 122880K, used 43961K [0x00000000c0000000, 0x0000000100000000)
  region size 1024K, 1 young (1024K), 0 survivors (0K)
 Metaspace       used 62434K, committed 62976K, reserved 1114112K
  class space    used 7963K, committed 8192K, reserved 1048576K
}
Event: 99272.861 GC heap after
{Heap after GC invocations=4325 (full 4097):
 garbage-first heap   total 122880K, used 43961K [0x00000000c0000000, 0x0000000100000000)
  region size 1024K, 0 young (0K), 0 survivors (0K)
 Metaspace       used 62434K, committed 62976K, reserved 1114112K
  class space    used 7963K, committed 8192K, reserved 1048576K
}
Event: 99283.052 GC heap before
{Heap before GC invocations=4325 (full 4097):
 garbage-first heap   total 122880K, used 43961K [0x00000000c0000000, 0x0000000100000000)
  region size 1024K, 1 young (1024K), 0 survivors (0K)
 Metaspace       used 62434K, committed 62976K, reserved 1114112K
  class space    used 7963K, committed 8192K, reserved 1048576K
}
Event: 99283.110 GC heap after
{Heap after GC invocations=4326 (full 4098):
 garbage-first heap   total 122880K, used 43961K [0x00000000c0000000, 0x0000000100000000)
  region size 1024K, 0 young (0K), 0 survivors (0K)
 Metaspace       used 62434K, committed 62976K, reserved 1114112K
  class space    used 7963K, committed 8192K, reserved 1048576K
}
Event: 99293.381 GC heap before
{Heap before GC invocations=4326 (full 4098):
 garbage-first heap   total 122880K, used 43961K [0x00000000c0000000, 0x0000000100000000)
  region size 1024K, 1 young (1024K), 0 survivors (0K)
 Metaspace       used 62434K, committed 62976K, reserved 1114112K
  class space    used 7963K, committed 8192K, reserved 1048576K
}
Event: 99293.447 GC heap after
{Heap after GC invocations=4327 (full 4099):
 garbage-first heap   total 122880K, used 43961K [0x00000000c0000000, 0x0000000100000000)
  region size 1024K, 0 young (0K), 0 survivors (0K)
 Metaspace       used 62434K, committed 62976K, reserved 1114112K
  class space    used 7963K, committed 8192K, reserved 1048576K
}
Event: 99303.789 GC heap before
{Heap before GC invocations=4327 (full 4099):
 garbage-first heap   total 122880K, used 43961K [0x00000000c0000000, 0x0000000100000000)
  region size 1024K, 1 young (1024K), 0 survivors (0K)
 Metaspace       used 62434K, committed 62976K, reserved 1114112K
  class space    used 7963K, committed 8192K, reserved 1048576K
}
Event: 99303.892 GC heap after
{Heap after GC invocations=4328 (full 4100):
 garbage-first heap   total 122880K, used 43961K [0x00000000c0000000, 0x0000000100000000)
  region size 1024K, 0 young (0K), 0 survivors (0K)
 Metaspace       used 62434K, committed 62976K, reserved 1114112K
  class space    used 7963K, committed 8192K, reserved 1048576K
}
Event: 99314.360 GC heap before
{Heap before GC invocations=4328 (full 4100):
 garbage-first heap   total 122880K, used 43961K [0x00000000c0000000, 0x0000000100000000)
  region size 1024K, 1 young (1024K), 0 survivors (0K)
 Metaspace       used 62434K, committed 62976K, reserved 1114112K
  class space    used 7963K, committed 8192K, reserved 1048576K
}
Event: 99314.478 GC heap after
{Heap after GC invocations=4329 (full 4101):
 garbage-first heap   total 122880K, used 43961K [0x00000000c0000000, 0x0000000100000000)
  region size 1024K, 0 young (0K), 0 survivors (0K)
 Metaspace       used 62434K, committed 62976K, reserved 1114112K
  class space    used 7963K, committed 8192K, reserved 1048576K
}
Event: 99324.931 GC heap before
{Heap before GC invocations=4329 (full 4101):
 garbage-first heap   total 122880K, used 43961K [0x00000000c0000000, 0x0000000100000000)
  region size 1024K, 1 young (1024K), 0 survivors (0K)
 Metaspace       used 62434K, committed 62976K, reserved 1114112K
  class space    used 7963K, committed 8192K, reserved 1048576K
}
Event: 99325.040 GC heap after
{Heap after GC invocations=4330 (full 4102):
 garbage-first heap   total 122880K, used 43961K [0x00000000c0000000, 0x0000000100000000)
  region size 1024K, 0 young (0K), 0 survivors (0K)
 Metaspace       used 62434K, committed 62976K, reserved 1114112K
  class space    used 7963K, committed 8192K, reserved 1048576K
}
Event: 99335.259 GC heap before
{Heap before GC invocations=4330 (full 4102):
 garbage-first heap   total 122880K, used 43961K [0x00000000c0000000, 0x0000000100000000)
  region size 1024K, 1 young (1024K), 0 survivors (0K)
 Metaspace       used 62434K, committed 62976K, reserved 1114112K
  class space    used 7963K, committed 8192K, reserved 1048576K
}
Event: 99335.326 GC heap after
{Heap after GC invocations=4331 (full 4103):
 garbage-first heap   total 122880K, used 43961K [0x00000000c0000000, 0x0000000100000000)
  region size 1024K, 0 young (0K), 0 survivors (0K)
 Metaspace       used 62434K, committed 62976K, reserved 1114112K
  class space    used 7963K, committed 8192K, reserved 1048576K
}
Event: 99345.616 GC heap before
{Heap before GC invocations=4331 (full 4103):
 garbage-first heap   total 122880K, used 43961K [0x00000000c0000000, 0x0000000100000000)
  region size 1024K, 1 young (1024K), 0 survivors (0K)
 Metaspace       used 62434K, committed 62976K, reserved 1114112K
  class space    used 7963K, committed 8192K, reserved 1048576K
}
Event: 99345.680 GC heap after
{Heap after GC invocations=4332 (full 4104):
 garbage-first heap   total 122880K, used 43961K [0x00000000c0000000, 0x0000000100000000)
  region size 1024K, 0 young (0K), 0 survivors (0K)
 Metaspace       used 62434K, committed 62976K, reserved 1114112K
  class space    used 7963K, committed 8192K, reserved 1048576K
}
Event: 99357.399 GC heap before
{Heap before GC invocations=4332 (full 4104):
 garbage-first heap   total 122880K, used 43961K [0x00000000c0000000, 0x0000000100000000)
  region size 1024K, 1 young (1024K), 0 survivors (0K)
 Metaspace       used 62434K, committed 62976K, reserved 1114112K
  class space    used 7963K, committed 8192K, reserved 1048576K
}
Event: 99357.542 GC heap after
{Heap after GC invocations=4333 (full 4105):
 garbage-first heap   total 122880K, used 43961K [0x00000000c0000000, 0x0000000100000000)
  region size 1024K, 0 young (0K), 0 survivors (0K)
 Metaspace       used 62434K, committed 62976K, reserved 1114112K
  class space    used 7963K, committed 8192K, reserved 1048576K
}
Event: 99368.132 GC heap before
{Heap before GC invocations=4333 (full 4105):
 garbage-first heap   total 122880K, used 43961K [0x00000000c0000000, 0x0000000100000000)
  region size 1024K, 1 young (1024K), 0 survivors (0K)
 Metaspace       used 62434K, committed 62976K, reserved 1114112K
  class space    used 7963K, committed 8192K, reserved 1048576K
}
Event: 99368.265 GC heap after
{Heap after GC invocations=4334 (full 4106):
 garbage-first heap   total 122880K, used 43961K [0x00000000c0000000, 0x0000000100000000)
  region size 1024K, 0 young (0K), 0 survivors (0K)
 Metaspace       used 62434K, committed 62976K, reserved 1114112K
  class space    used 7963K, committed 8192K, reserved 1048576K
}

Dll operation events (10 events):
Event: 0.060 Loaded shared library c:\Users\donra\.vscode\extensions\redhat.java-1.31.0-win32-x64\jre\17.0.11-win32-x86_64\bin\java.dll
Event: 0.829 Loaded shared library C:\Users\donra\.vscode\extensions\redhat.java-1.31.0-win32-x64\jre\17.0.11-win32-x86_64\bin\net.dll
Event: 0.833 Loaded shared library C:\Users\donra\.vscode\extensions\redhat.java-1.31.0-win32-x64\jre\17.0.11-win32-x86_64\bin\nio.dll
Event: 1.831 Loaded shared library C:\Users\donra\.vscode\extensions\redhat.java-1.31.0-win32-x64\jre\17.0.11-win32-x86_64\bin\zip.dll
Event: 16.647 Loaded shared library C:\Users\donra\.vscode\extensions\redhat.java-1.31.0-win32-x64\jre\17.0.11-win32-x86_64\bin\jimage.dll
Event: 20.505 Loaded shared library c:\Users\donra\.vscode\extensions\redhat.java-1.31.0-win32-x64\jre\17.0.11-win32-x86_64\bin\verify.dll
Event: 29.696 Loaded shared library C:\Users\donra\.vscode\extensions\redhat.java-1.31.0-win32-x64\jre\17.0.11-win32-x86_64\bin\management.dll
Event: 29.703 Loaded shared library C:\Users\donra\.vscode\extensions\redhat.java-1.31.0-win32-x64\jre\17.0.11-win32-x86_64\bin\management_ext.dll
Event: 31.399 Loaded shared library C:\Users\donra\.vscode\extensions\redhat.java-1.31.0-win32-x64\jre\17.0.11-win32-x86_64\bin\sunmscapi.dll
Event: 31.831 Loaded shared library C:\Users\donra\.vscode\extensions\redhat.java-1.31.0-win32-x64\jre\17.0.11-win32-x86_64\bin\extnet.dll

Deoptimization events (20 events):
Event: 147.987 Thread 0x000001c2178785f0 DEOPT PACKING pc=0x000001c209f70f0c sp=0x0000005bb06fe9f0
Event: 147.987 Thread 0x000001c2178785f0 DEOPT UNPACKING pc=0x000001c209747143 sp=0x0000005bb06fdf58 mode 0
Event: 147.987 Thread 0x000001c2178785f0 DEOPT PACKING pc=0x000001c209dbc8cc sp=0x0000005bb06feb20
Event: 147.987 Thread 0x000001c2178785f0 DEOPT UNPACKING pc=0x000001c209747143 sp=0x0000005bb06fe018 mode 0
Event: 13976.617 Thread 0x000001c21796e400 DEOPT PACKING pc=0x000001c209921c34 sp=0x0000005bb0dfeab0
Event: 13976.618 Thread 0x000001c21796e400 DEOPT UNPACKING pc=0x000001c209747143 sp=0x0000005bb0dfdff8 mode 0
Event: 14044.574 Thread 0x000001c21796e400 DEOPT PACKING pc=0x000001c209c0d4a6 sp=0x0000005bb0dfe720
Event: 14044.574 Thread 0x000001c21796e400 DEOPT UNPACKING pc=0x000001c209747143 sp=0x0000005bb0dfdca8 mode 0
Event: 14448.776 Thread 0x000001c21796e400 DEOPT PACKING pc=0x000001c20a903a3d sp=0x0000005bb0dfe510
Event: 14448.776 Thread 0x000001c21796e400 DEOPT UNPACKING pc=0x000001c209747143 sp=0x0000005bb0dfd9d8 mode 0
Event: 14690.134 Thread 0x000001c21796e400 DEOPT PACKING pc=0x000001c20a8b4fa4 sp=0x0000005bb0dfe460
Event: 14690.134 Thread 0x000001c21796e400 DEOPT UNPACKING pc=0x000001c209747143 sp=0x0000005bb0dfda08 mode 0
Event: 65556.502 Thread 0x000001c217879f40 DEOPT PACKING pc=0x000001c20a466684 sp=0x0000005baebfe140
Event: 65556.502 Thread 0x000001c217879f40 DEOPT UNPACKING pc=0x000001c209747143 sp=0x0000005baebfd5b8 mode 0
Event: 65669.908 Thread 0x000001c217879f40 DEOPT PACKING pc=0x000001c20a38d4fc sp=0x0000005baebfe2b0
Event: 65669.909 Thread 0x000001c217879f40 DEOPT UNPACKING pc=0x000001c209747143 sp=0x0000005baebfd830 mode 0
Event: 72743.562 Thread 0x000001c2178785f0 DEOPT PACKING pc=0x000001c20a712ede sp=0x0000005bb06fe430
Event: 72743.564 Thread 0x000001c2178785f0 DEOPT UNPACKING pc=0x000001c209747143 sp=0x0000005bb06fda18 mode 0
Event: 72860.817 Thread 0x000001c2178785f0 DEOPT PACKING pc=0x000001c209c818d2 sp=0x0000005bb06fdd70
Event: 72860.818 Thread 0x000001c2178785f0 DEOPT UNPACKING pc=0x000001c209747143 sp=0x0000005bb06fd278 mode 3

Classes unloaded (20 events):
Event: 77436.892 Thread 0x000001c211cc4100 Unloading class 0x00000001003a1400 'jdk/internal/reflect/GeneratedMethodAccessor62'
Event: 77436.892 Thread 0x000001c211cc4100 Unloading class 0x00000001003a0000 'jdk/internal/reflect/GeneratedMethodAccessor61'
Event: 77758.810 Thread 0x000001c211cc4100 Unloading class 0x00000001003a0000 'jdk/internal/reflect/GeneratedMethodAccessor71'
Event: 77758.810 Thread 0x000001c211cc4100 Unloading class 0x00000001003a1400 'jdk/internal/reflect/GeneratedConstructorAccessor94'
Event: 77758.810 Thread 0x000001c211cc4100 Unloading class 0x0000000100789000 'jdk/internal/reflect/GeneratedMethodAccessor70'
Event: 77758.810 Thread 0x000001c211cc4100 Unloading class 0x0000000100484400 'jdk/internal/reflect/GeneratedConstructorAccessor93'
Event: 77758.810 Thread 0x000001c211cc4100 Unloading class 0x000000010078a000 'jdk/internal/reflect/GeneratedMethodAccessor69'
Event: 77758.810 Thread 0x000001c211cc4100 Unloading class 0x000000010078ac00 'jdk/internal/reflect/GeneratedMethodAccessor68'
Event: 77758.810 Thread 0x000001c211cc4100 Unloading class 0x0000000100789c00 'jdk/internal/reflect/GeneratedMethodAccessor67'
Event: 93768.222 Thread 0x000001c211cc4100 Unloading class 0x0000000100789c00 'jdk/internal/reflect/GeneratedMethodAccessor76'
Event: 93768.222 Thread 0x000001c211cc4100 Unloading class 0x000000010078ac00 'jdk/internal/reflect/GeneratedConstructorAccessor96'
Event: 93768.222 Thread 0x000001c211cc4100 Unloading class 0x000000010078a000 'jdk/internal/reflect/GeneratedMethodAccessor75'
Event: 93768.222 Thread 0x000001c211cc4100 Unloading class 0x0000000100484400 'jdk/internal/reflect/GeneratedConstructorAccessor95'
Event: 93768.222 Thread 0x000001c211cc4100 Unloading class 0x0000000100789000 'jdk/internal/reflect/GeneratedMethodAccessor74'
Event: 93768.223 Thread 0x000001c211cc4100 Unloading class 0x00000001003a1400 'jdk/internal/reflect/GeneratedMethodAccessor73'
Event: 93768.223 Thread 0x000001c211cc4100 Unloading class 0x00000001003a0000 'jdk/internal/reflect/GeneratedMethodAccessor72'
Event: 94661.499 Thread 0x000001c211cc4100 Unloading class 0x0000000100484400 'jdk/internal/reflect/GeneratedConstructorAccessor100'
Event: 94661.499 Thread 0x000001c211cc4100 Unloading class 0x000000010078a000 'jdk/internal/reflect/GeneratedConstructorAccessor99'
Event: 94661.499 Thread 0x000001c211cc4100 Unloading class 0x000000010078ac00 'jdk/internal/reflect/GeneratedConstructorAccessor98'
Event: 94661.499 Thread 0x000001c211cc4100 Unloading class 0x0000000100789c00 'jdk/internal/reflect/GeneratedConstructorAccessor97'

Classes redefined (0 events):
No events

Internal exceptions (20 events):
Event: 76150.924 Thread 0x000001c2178785f0 Exception <a 'sun/nio/fs/WindowsException'{0x00000000c5670c18}> (0x00000000c5670c18) 
thrown [s\src\hotspot\share\prims\jni.cpp, line 516]
Event: 76150.924 Thread 0x000001c2178785f0 Exception <a 'sun/nio/fs/WindowsException'{0x00000000c56717e0}> (0x00000000c56717e0) 
thrown [s\src\hotspot\share\prims\jni.cpp, line 516]
Event: 76150.924 Thread 0x000001c2178785f0 Exception <a 'sun/nio/fs/WindowsException'{0x00000000c5672388}> (0x00000000c5672388) 
thrown [s\src\hotspot\share\prims\jni.cpp, line 516]
Event: 76150.924 Thread 0x000001c2178785f0 Exception <a 'sun/nio/fs/WindowsException'{0x00000000c5672f50}> (0x00000000c5672f50) 
thrown [s\src\hotspot\share\prims\jni.cpp, line 516]
Event: 76150.924 Thread 0x000001c2178785f0 Exception <a 'sun/nio/fs/WindowsException'{0x00000000c5673c18}> (0x00000000c5673c18) 
thrown [s\src\hotspot\share\prims\jni.cpp, line 516]
Event: 76150.924 Thread 0x000001c2178785f0 Exception <a 'sun/nio/fs/WindowsException'{0x00000000c5674948}> (0x00000000c5674948) 
thrown [s\src\hotspot\share\prims\jni.cpp, line 516]
Event: 93374.407 Thread 0x000001c21796def0 Implicit null exception at 0x000001c20a134306 to 0x000001c20a134388
Event: 93374.414 Thread 0x000001c21796def0 Exception <a 'java/lang/NullPointerException'{0x00000000c717b380}> (0x00000000c717b380) 
thrown [s\src\hotspot\share\runtime\sharedRuntime.cpp, line 631]
Event: 94574.656 Thread 0x000001c2178785f0 Exception <a 'sun/nio/fs/WindowsException'{0x00000000c4764a28}> (0x00000000c4764a28) 
thrown [s\src\hotspot\share\prims\jni.cpp, line 516]
Event: 94574.657 Thread 0x000001c2178785f0 Exception <a 'sun/nio/fs/WindowsException'{0x00000000c47655f0}> (0x00000000c47655f0) 
thrown [s\src\hotspot\share\prims\jni.cpp, line 516]
Event: 94574.657 Thread 0x000001c2178785f0 Exception <a 'sun/nio/fs/WindowsException'{0x00000000c4766198}> (0x00000000c4766198) 
thrown [s\src\hotspot\share\prims\jni.cpp, line 516]
Event: 94574.657 Thread 0x000001c2178785f0 Exception <a 'sun/nio/fs/WindowsException'{0x00000000c4766d60}> (0x00000000c4766d60) 
thrown [s\src\hotspot\share\prims\jni.cpp, line 516]
Event: 94574.657 Thread 0x000001c2178785f0 Exception <a 'sun/nio/fs/WindowsException'{0x00000000c4767a28}> (0x00000000c4767a28) 
thrown [s\src\hotspot\share\prims\jni.cpp, line 516]
Event: 94574.657 Thread 0x000001c2178785f0 Exception <a 'sun/nio/fs/WindowsException'{0x00000000c4768758}> (0x00000000c4768758) 
thrown [s\src\hotspot\share\prims\jni.cpp, line 516]
Event: 94574.658 Thread 0x000001c2178785f0 Exception <a 'sun/nio/fs/WindowsException'{0x00000000c4769e98}> (0x00000000c4769e98) 
thrown [s\src\hotspot\share\prims\jni.cpp, line 516]
Event: 94574.658 Thread 0x000001c2178785f0 Exception <a 'sun/nio/fs/WindowsException'{0x00000000c476aa60}> (0x00000000c476aa60) 
thrown [s\src\hotspot\share\prims\jni.cpp, line 516]
Event: 94574.658 Thread 0x000001c2178785f0 Exception <a 'sun/nio/fs/WindowsException'{0x00000000c476b608}> (0x00000000c476b608) 
thrown [s\src\hotspot\share\prims\jni.cpp, line 516]
Event: 94574.658 Thread 0x000001c2178785f0 Exception <a 'sun/nio/fs/WindowsException'{0x00000000c476c1d0}> (0x00000000c476c1d0) 
thrown [s\src\hotspot\share\prims\jni.cpp, line 516]
Event: 94574.659 Thread 0x000001c2178785f0 Exception <a 'sun/nio/fs/WindowsException'{0x00000000c476ce98}> (0x00000000c476ce98) 
thrown [s\src\hotspot\share\prims\jni.cpp, line 516]
Event: 94574.659 Thread 0x000001c2178785f0 Exception <a 'sun/nio/fs/WindowsException'{0x00000000c467eff8}> (0x00000000c467eff8) 
thrown [s\src\hotspot\share\prims\jni.cpp, line 516]

VM Operations (20 events):
Event: 99272.861 Executing VM operation: G1CollectFull done
Event: 99283.052 Executing VM operation: G1CollectFull
Event: 99283.111 Executing VM operation: G1CollectFull done
Event: 99293.381 Executing VM operation: G1CollectFull
Event: 99293.447 Executing VM operation: G1CollectFull done
Event: 99303.788 Executing VM operation: G1CollectFull
Event: 99303.892 Executing VM operation: G1CollectFull done
Event: 99314.360 Executing VM operation: G1CollectFull
Event: 99314.479 Executing VM operation: G1CollectFull done
Event: 99324.931 Executing VM operation: G1CollectFull
Event: 99325.040 Executing VM operation: G1CollectFull done
Event: 99335.258 Executing VM operation: G1CollectFull
Event: 99335.326 Executing VM operation: G1CollectFull done
Event: 99345.616 Executing VM operation: G1CollectFull
Event: 99345.680 Executing VM operation: G1CollectFull done
Event: 99357.398 Executing VM operation: G1CollectFull
Event: 99357.542 Executing VM operation: G1CollectFull done
Event: 99368.131 Executing VM operation: G1CollectFull
Event: 99368.266 Executing VM operation: G1CollectFull done
Event: 99378.317 Executing VM operation: G1CollectFull

Events (20 events):
Event: 94574.451 Thread 0x000001c21fe6c880 Thread added: 0x000001c21fe6c880
Event: 94574.451 Thread 0x000001c220621780 Thread added: 0x000001c220621780
Event: 94579.744 Thread 0x000001c220621780 Thread exited: 0x000001c220621780
Event: 94582.868 Thread 0x000001c217879a30 Thread exited: 0x000001c217879a30
Event: 94582.915 Thread 0x000001c21796b160 Thread exited: 0x000001c21796b160
Event: 94584.748 Thread 0x000001c21fe6c880 Thread exited: 0x000001c21fe6c880
Event: 94589.334 Thread 0x000001c21787a450 Thread exited: 0x000001c21787a450
Event: 94633.842 Thread 0x000001c21787ae70 Thread exited: 0x000001c21787ae70
Event: 94633.842 Thread 0x000001c217879f40 Thread exited: 0x000001c217879f40
Event: 94634.028 Thread 0x000001c21796def0 Thread exited: 0x000001c21796def0
Event: 94634.886 Thread 0x000001c2179683d0 Thread exited: 0x000001c2179683d0
Event: 94635.527 Thread 0x000001c21796e400 Thread exited: 0x000001c21796e400
Event: 98484.076 Thread 0x000001c217879a30 Thread added: 0x000001c217879a30
Event: 98484.121 Thread 0x000001c217879f40 Thread added: 0x000001c217879f40
Event: 98544.316 Thread 0x000001c217879a30 Thread exited: 0x000001c217879a30
Event: 98544.317 Thread 0x000001c217879f40 Thread exited: 0x000001c217879f40
Event: 98604.469 Thread 0x000001c217879a30 Thread added: 0x000001c217879a30
Event: 98604.476 Thread 0x000001c217879f40 Thread added: 0x000001c217879f40
Event: 98664.507 Thread 0x000001c217879a30 Thread exited: 0x000001c217879a30
Event: 98664.507 Thread 0x000001c217879f40 Thread exited: 0x000001c217879f40


Dynamic libraries:
0x00007ff7039e0000 - 0x00007ff7039ee000 	c:\Users\donra\.vscode\extensions\redhat.java-1.31.0-win32-x64\jre\17.0.11-win32-x86_64\bin\java.exe
0x00007ffd737d0000 - 0x00007ffd739e7000 	C:\Windows\SYSTEM32\ntdll.dll
0x00007ffd73330000 - 0x00007ffd733f4000 	C:\Windows\System32\KERNEL32.DLL
0x00007ffd70af0000 - 0x00007ffd70e97000 	C:\Windows\System32\KERNELBASE.dll
0x00007ffd71010000 - 0x00007ffd71121000 	C:\Windows\System32\ucrtbase.dll
0x00007ffd47b40000 - 0x00007ffd47b57000 	c:\Users\donra\.vscode\extensions\redhat.java-1.31.0-win32-x64\jre\17.0.11-win32-x86_64\bin\jli.dll
0x00007ffd72c10000 - 0x00007ffd72dbe000 	C:\Windows\System32\USER32.dll
0x00007ffd70f60000 - 0x00007ffd70f86000 	C:\Windows\System32\win32u.dll
0x00007ffd73250000 - 0x00007ffd73279000 	C:\Windows\System32\GDI32.dll
0x00007ffd71130000 - 0x00007ffd71249000 	C:\Windows\System32\gdi32full.dll
0x00007ffd713f0000 - 0x00007ffd7148a000 	C:\Windows\System32\msvcp_win.dll
0x00007ffd43d20000 - 0x00007ffd43d3b000 	c:\Users\donra\.vscode\extensions\redhat.java-1.31.0-win32-x64\jre\17.0.11-win32-x86_64\bin\VCRUNTIME140.dll
0x00007ffd510c0000 - 0x00007ffd51353000 	C:\Windows\WinSxS\amd64_microsoft.windows.common-controls_6595b64144ccf1df_6.0.22621.3527_none_270e469b73872a76\COMCTL32.dll
0x00007ffd726e0000 - 0x00007ffd72787000 	C:\Windows\System32\msvcrt.dll
0x00007ffd71b00000 - 0x00007ffd71b31000 	C:\Windows\System32\IMM32.DLL
0x00007ffd566b0000 - 0x00007ffd566bc000 	c:\Users\donra\.vscode\extensions\redhat.java-1.31.0-win32-x64\jre\17.0.11-win32-x86_64\bin\vcruntime140_1.dll
0x00007ffd37ce0000 - 0x00007ffd37d6d000 	c:\Users\donra\.vscode\extensions\redhat.java-1.31.0-win32-x64\jre\17.0.11-win32-x86_64\bin\msvcp140.dll
0x00007ffcb94b0000 - 0x00007ffcba112000 	c:\Users\donra\.vscode\extensions\redhat.java-1.31.0-win32-x64\jre\17.0.11-win32-x86_64\bin\server\jvm.dll
0x00007ffd716e0000 - 0x00007ffd71792000 	C:\Windows\System32\ADVAPI32.dll
0x00007ffd73280000 - 0x00007ffd73328000 	C:\Windows\System32\sechost.dll
0x00007ffd713c0000 - 0x00007ffd713e8000 	C:\Windows\System32\bcrypt.dll
0x00007ffd72500000 - 0x00007ffd72615000 	C:\Windows\System32\RPCRT4.dll
0x00007ffd70750000 - 0x00007ffd7079d000 	C:\Windows\SYSTEM32\POWRPROF.dll
0x00007ffd60030000 - 0x00007ffd60039000 	C:\Windows\SYSTEM32\WSOCK32.dll
0x00007ffd731d0000 - 0x00007ffd73241000 	C:\Windows\System32\WS2_32.dll
0x00007ffd68140000 - 0x00007ffd68174000 	C:\Windows\SYSTEM32\WINMM.dll
0x00007ffd68180000 - 0x00007ffd6818a000 	C:\Windows\SYSTEM32\VERSION.dll
0x00007ffd70710000 - 0x00007ffd70723000 	C:\Windows\SYSTEM32\UMPDC.dll
0x00007ffd6fad0000 - 0x00007ffd6fae8000 	C:\Windows\SYSTEM32\kernel.appcore.dll
0x00007ffd503e0000 - 0x00007ffd503ea000 	c:\Users\donra\.vscode\extensions\redhat.java-1.31.0-win32-x64\jre\17.0.11-win32-x86_64\bin\jimage.dll
0x00007ffd63d60000 - 0x00007ffd63f92000 	C:\Windows\SYSTEM32\DBGHELP.DLL
0x00007ffd73400000 - 0x00007ffd73788000 	C:\Windows\System32\combase.dll
0x00007ffd723b0000 - 0x00007ffd72487000 	C:\Windows\System32\OLEAUT32.dll
0x00007ffd52400000 - 0x00007ffd52432000 	C:\Windows\SYSTEM32\dbgcore.DLL
0x00007ffd70f90000 - 0x00007ffd71009000 	C:\Windows\System32\bcryptPrimitives.dll
0x00007ffd389c0000 - 0x00007ffd389e5000 	c:\Users\donra\.vscode\extensions\redhat.java-1.31.0-win32-x64\jre\17.0.11-win32-x86_64\bin\java.dll
0x00007ffd3bc10000 - 0x00007ffd3bc28000 	c:\Users\donra\.vscode\extensions\redhat.java-1.31.0-win32-x64\jre\17.0.11-win32-x86_64\bin\zip.dll
0x00007ffd71b40000 - 0x00007ffd7239c000 	C:\Windows\System32\SHELL32.dll
0x00007ffd6e9e0000 - 0x00007ffd6f2d6000 	C:\Windows\SYSTEM32\windows.storage.dll
0x00007ffd6e8a0000 - 0x00007ffd6e9de000 	C:\Windows\SYSTEM32\wintypes.dll
0x00007ffd71510000 - 0x00007ffd71605000 	C:\Windows\System32\SHCORE.dll
0x00007ffd71820000 - 0x00007ffd7187e000 	C:\Windows\System32\shlwapi.dll
0x00007ffd70a20000 - 0x00007ffd70a41000 	C:\Windows\SYSTEM32\profapi.dll
0x00007ffd39810000 - 0x00007ffd39829000 	C:\Users\donra\.vscode\extensions\redhat.java-1.31.0-win32-x64\jre\17.0.11-win32-x86_64\bin\net.dll
0x00007ffd6a790000 - 0x00007ffd6a8c6000 	C:\Windows\SYSTEM32\WINHTTP.dll
0x00007ffd6ff30000 - 0x00007ffd6ff99000 	C:\Windows\system32\mswsock.dll
0x00007ffd38410000 - 0x00007ffd38426000 	C:\Users\donra\.vscode\extensions\redhat.java-1.31.0-win32-x64\jre\17.0.11-win32-x86_64\bin\nio.dll
0x00007ffd4a7a0000 - 0x00007ffd4a7b0000 	c:\Users\donra\.vscode\extensions\redhat.java-1.31.0-win32-x64\jre\17.0.11-win32-x86_64\bin\verify.dll
0x00007ffd70280000 - 0x00007ffd7029b000 	C:\Windows\SYSTEM32\CRYPTSP.dll
0x00007ffd6fa30000 - 0x00007ffd6fa65000 	C:\Windows\system32\rsaenh.dll
0x00007ffd6ffd0000 - 0x00007ffd6fff8000 	C:\Windows\SYSTEM32\USERENV.dll
0x00007ffd70260000 - 0x00007ffd7026c000 	C:\Windows\SYSTEM32\CRYPTBASE.dll
0x00007ffd6f530000 - 0x00007ffd6f55d000 	C:\Windows\SYSTEM32\IPHLPAPI.DLL
0x00007ffd723a0000 - 0x00007ffd723a9000 	C:\Windows\System32\NSI.dll
0x00007ffd69d80000 - 0x00007ffd69d99000 	C:\Windows\SYSTEM32\dhcpcsvc6.DLL
0x00007ffd69360000 - 0x00007ffd6937f000 	C:\Windows\SYSTEM32\dhcpcsvc.DLL
0x00007ffd6f560000 - 0x00007ffd6f658000 	C:\Windows\SYSTEM32\DNSAPI.dll
0x00007ffd56680000 - 0x00007ffd56689000 	C:\Users\donra\.vscode\extensions\redhat.java-1.31.0-win32-x64\jre\17.0.11-win32-x86_64\bin\management.dll
0x00007ffd56460000 - 0x00007ffd5646b000 	C:\Users\donra\.vscode\extensions\redhat.java-1.31.0-win32-x64\jre\17.0.11-win32-x86_64\bin\management_ext.dll
0x00007ffd71500000 - 0x00007ffd71508000 	C:\Windows\System32\PSAPI.DLL
0x00007ffd63ce0000 - 0x00007ffd63cee000 	C:\Users\donra\.vscode\extensions\redhat.java-1.31.0-win32-x64\jre\17.0.11-win32-x86_64\bin\sunmscapi.dll
0x00007ffd71250000 - 0x00007ffd713b8000 	C:\Windows\System32\CRYPT32.dll
0x00007ffd703f0000 - 0x00007ffd7041e000 	C:\Windows\SYSTEM32\ncrypt.dll
0x00007ffd703b0000 - 0x00007ffd703e7000 	C:\Windows\SYSTEM32\NTASN1.dll
0x00000000600f0000 - 0x0000000060116000 	C:\Program Files\Bonjour\mdnsNSP.dll
0x00007ffd69bc0000 - 0x00007ffd69bca000 	C:\Windows\System32\rasadhlp.dll
0x00007ffd67db0000 - 0x00007ffd67e33000 	C:\Windows\System32\fwpuclnt.dll
0x00007ffd63cd0000 - 0x00007ffd63cd9000 	C:\Users\donra\.vscode\extensions\redhat.java-1.31.0-win32-x64\jre\17.0.11-win32-x86_64\bin\extnet.dll

dbghelp: loaded successfully - version: 4.0.5 - missing functions: none
symbol engine: initialized successfully - sym options: 0x614 - pdb path: .;c:\Users\donra\.vscode\extensions\redhat.java-1.31.0-win32-x64\jre\17.0.11-win32-x86_64\bin;C:\Windows\SYSTEM32;C:\Windows\WinSxS\amd64_microsoft.windows.common-controls_6595b64144ccf1df_6.0.22621.3527_none_270e469b73872a76;c:\Users\donra\.vscode\extensions\redhat.java-1.31.0-win32-x64\jre\17.0.11-win32-x86_64\bin\server;C:\Program Files\Bonjour

VM Arguments:
jvm_args: -Xmx1024m -Dsts.lsp.client=vscode -Dsts.log.file=/dev/null -XX:TieredStopAtLevel=1 -Xlog:jni+resolve=off -Dspring.config.location=file:c:\Users\donra\.vscode\extensions\vmware.vscode-spring-boot-1.54.0\language-server\BOOT-INF\classes\application.properties 
java_command: org.springframework.ide.vscode.boot.app.BootLanguageServerBootApp
java_class_path (initial): c:\Users\donra\.vscode\extensions\vmware.vscode-spring-boot-1.54.0\language-server\BOOT-INF\classes;c:\Users\donra\.vscode\extensions\vmware.vscode-spring-boot-1.54.0\language-server\BOOT-INF\lib\annotations-24.1.0.jar;c:\Users\donra\.vscode\extensions\vmware.vscode-spring-boot-1.54.0\language-server\BOOT-INF\lib\antlr4-runtime-4.13.1.jar;c:\Users\donra\.vscode\extensions\vmware.vscode-spring-boot-1.54.0\language-server\BOOT-INF\lib\asm-9.7.jar;c:\Users\donra\.vscode\extensions\vmware.vscode-spring-boot-1.54.0\language-server\BOOT-INF\lib\asm-analysis-9.7.jar;c:\Users\donra\.vscode\extensions\vmware.vscode-spring-boot-1.54.0\language-server\BOOT-INF\lib\asm-tree-9.7.jar;c:\Users\donra\.vscode\extensions\vmware.vscode-spring-boot-1.54.0\language-server\BOOT-INF\lib\asm-util-9.7.jar;c:\Users\donra\.vscode\extensions\vmware.vscode-spring-boot-1.54.0\language-server\BOOT-INF\lib\caffeine-3.1.8.jar;c:\Users\donra\.vscode\extensions\vmware.vscode-spring-boot-1.54.0\language-server\BOOT-INF\lib\checker-qual-3.12.0.jar;c:\Users\donra\.vscode\extensions\vmware.vscode-spring-boot-1.54.0\language-server\BOOT-INF\lib\classgraph-4.8.149.jar;c:\Users\donra\.vscode\extensions\vmware.vscode-spring-boot-1.54.0\language-server\BOOT-INF\lib\commons-codec-1.16.1.jar;c:\Users\donra\.vscode\extensions\vmware.vscode-spring-boot-1.54.0\language-server\BOOT-INF\lib\commons-compress-1.26.1.jar;c:\Users\donra\.vscode\extensions\vmware.vscode-spring-boot-1.54.0\language-server\BOOT-INF\lib\commons-io-2.4.jar;c:\Users\donra\.vscode\extensions\vmware.vscode-spring-boot-1.54.0\language-server\BOOT-INF\lib\commons-java-1.54.0-SNAPSHOT.jar;c:\Users\donra\.vscode\extensions\vmware.vscode-spring-boot-1.54.0\language-server\BOOT-INF\lib\commons-lang3-3.13.0.jar;c:\Users\donra\.vscode\extensions\vmware.vscode-spring-boot-1.54.0\language-server\BOOT-INF\lib\commons-language-server-1.54.0-SNAPSHOT.jar;c:\Users\donra\.vscode\extensions\vmware.vscode-spring-boot-1.54.0\language
Launcher Type: SUN_STANDARD

[Global flags]
     intx CICompilerCount                          = 4                                         {product} {ergonomic}
     uint ConcGCThreads                            = 3                                         {product} {ergonomic}
     uint G1ConcRefinementThreads                  = 10                                        {product} {ergonomic}
   size_t G1HeapRegionSize                         = 1048576                                   {product} {ergonomic}
    uintx GCDrainStackTargetSize                   = 64                                        {product} {ergonomic}
   size_t InitialHeapSize                          = 125829120                                 {product} {ergonomic}
   size_t MarkStackSize                            = 4194304                                   {product} {ergonomic}
   size_t MaxHeapSize                              = 1073741824                                {product} {command line}
   size_t MaxNewSize                               = 643825664                                 {product} {ergonomic}
   size_t MinHeapDeltaBytes                        = 1048576                                   {product} {ergonomic}
   size_t MinHeapSize                              = 8388608                                   {product} {ergonomic}
    uintx NonProfiledCodeHeapSize                  = 0                                      {pd product} {ergonomic}
     bool ProfileInterpreter                       = false                                  {pd product} {command line}
    uintx ProfiledCodeHeapSize                     = 0                                      {pd product} {ergonomic}
   size_t SoftMaxHeapSize                          = 1073741824                             {manageable} {ergonomic}
     intx TieredStopAtLevel                        = 1                                         {product} {command line}
     bool UseCompressedClassPointers               = true                           {product lp64_product} {ergonomic}
     bool UseCompressedOops                        = true                           {product lp64_product} {ergonomic}
     bool UseG1GC                                  = true                                      {product} {ergonomic}
     bool UseLargePagesIndividualAllocation        = false                                  {pd product} {ergonomic}

Logging:
Log output configuration:
 #0: stdout all=warning,jni+resolve=off uptime,level,tags
 #1: stderr all=off uptime,level,tags

Environment Variables:
JAVA_HOME=C:\Program Files\Java\jdk-17
PATH=C:\Program Files (x86)\VMware\VMware Player\bin\;C:\Python312\Scripts\;C:\Python312\;C:\Program Files\Smart Projects\IsoBuster;C:\Program Files\Common Files\Oracle\Java\javapath;C:\Windows\system32;C:\Windows;C:\Windows\System32\Wbem;C:\Windows\System32\WindowsPowerShell\v1.0\;C:\Windows\System32\OpenSSH\;C:\Program Files\Git\cmd;C:\Program Files\NVIDIA Corporation\NVIDIA NvDLISR;C:\Program Files\Microsoft SQL Server\Client SDK\ODBC\110\Tools\Binn\;C:\Program Files (x86)\Microsoft SQL Server\120\Tools\Binn\;C:\Program Files\Microsoft SQL Server\120\Tools\Binn\;C:\Program Files\Microsoft SQL Server\120\DTS\Binn\;C:\Program Files (x86)\Windows Kits\8.1\Windows Performance Toolkit\;C:\ProgramData\chocolatey\bin;C:\Program Files\GTK3-Runtime Win64\bin;C:\Program Files\PuTTY\;C:\Program Files\Microsoft SQL Server\150\Tools\Binn\;C:\Program Files\Microsoft SQL Server\Client SDK\ODBC\170\Tools\Binn\;C:\Program Files (x86)\Microsoft SQL Server\160\Tools\Binn\;C:\Program Files\Microsoft SQL Server\160\Tools\Binn\;C:\Program Files\Microsoft SQL Server\160\DTS\Binn\;C:\Program Files (x86)\Microsoft SQL Server\160\DTS\Binn\;C:\Program Files\Azure Data Studio\bin;C:\Program Files\nodejs\;C:\Program Files\Docker\Docker\resources\bin;C:\Program Files\dotnet\;C:\Program Files\MySQL\MySQL Shell 8.0\bin\;C:\Users\donra\AppData\Local\Programs\Python\Python311\Scripts\;C:\Users\donra\AppData\Local\Programs\Python\Python311\;C:\Users\donra\AppData\Local\Microsoft\WindowsApps;C:\Flutter\flutter\bin;C:\Users\donra\AppData\Local\Programs\Microsoft VS Code\bin;C:\tools\dart-sdk\bin;C:\Users\donra\AppData\Roaming\Pub\Cache\bin;C:\Windows\System32\Scripts;C:\Users\donra\AppData\Local\Packages\PythonSoftwareFoundation.Python.3.11_qbz5n2kfra8p0\LocalCache\local-packages\Python311\Scripts;C:\Python311;C:\Python311\Scripts;C:\Program Files\GTK3-Runtime Win64\bin;C:\Program Files\JetBrains\IntelliJ IDEA Community Edition 2023.2.3\bin;;C:\Program Files\Java\jdk-17\bin;C:\Gradle\gradle-8.4\bin;C:\
USERNAME=RODRIGO
OS=Windows_NT
PROCESSOR_IDENTIFIER=AMD64 Family 23 Model 96 Stepping 1, AuthenticAMD
TMP=C:\Users\donra\AppData\Local\Temp
TEMP=C:\Users\donra\AppData\Local\Temp



Periodic native trim disabled


---------------  S Y S T E M  ---------------

OS:
 Windows 11 , 64 bit Build 22621 (10.0.22621.3527)
OS uptime: 6 days 2:57 hours
Hyper-V role detected

CPU: total 12 (initial active 12) (12 cores per cpu, 2 threads per core) family 23 model 96 stepping 1 microcode 0x0, cx8, cmov, fxsr, ht, mmx, 3dnowpref, sse, sse2, sse3, ssse3, sse4a, sse4.1, sse4.2, popcnt, lzcnt, tsc, tscinvbit, avx, avx2, aes, clmul, bmi1, bmi2, adx, sha, fma, vzeroupper, clflush, clflushopt, hv
Processor Information for all 12 processors :
  Max Mhz: 3001, Current Mhz: 3001, Mhz Limit: 3001

Memory: 4k page, system-wide physical 7597M (265M free)
TotalPageFile size 23981M (AvailPageFile size 6M)
current process WorkingSet (physical memory assigned to process): 89M, peak: 228M
current process commit charge ("private bytes"): 318M, peak: 483M

vm_info: OpenJDK 64-Bit Server VM (17.0.11+9) for windows-amd64 JRE (17.0.11+9), built on Apr 17 2024 06:07:48 by "admin" with MS VC++ 16.10 / 16.11 (VS2019)

END.
